(2024-12-10 04:00:56,859) | root| INFO | => Mode Changed: Real/Imaginary
(2024-12-10 04:09:45,507) | root| INFO | => Mode Changed: Real/Imaginary
(2024-12-10 04:09:49,250) | root| INFO | => Resizing complete. Image size is (250, 250)
(2024-12-10 04:09:51,234) | root| INFO | => Resizing complete. Image size is (250, 250)
(2024-12-10 04:09:51,234) | root| INFO | => Resizing complete. Image size is (250, 250)
(2024-12-10 04:09:52,711) | root| INFO | => Resizing complete. Image size is (250, 250)
(2024-12-10 04:09:52,711) | root| INFO | => Resizing complete. Image size is (250, 250)
(2024-12-10 04:09:52,711) | root| INFO | => Resizing complete. Image size is (250, 250)
(2024-12-10 04:09:55,023) | root| INFO | => Resizing complete. Image size is (250, 250)
(2024-12-10 04:09:55,024) | root| INFO | => Resizing complete. Image size is (250, 250)
(2024-12-10 04:09:55,024) | root| INFO | => Resizing complete. Image size is (250, 250)
(2024-12-10 04:09:55,024) | root| INFO | => Resizing complete. Image size is (250, 250)
(2024-12-10 04:10:09,546) | root| INFO | => Selected component for image 0 is FT Real
(2024-12-10 04:10:09,554) | root| INFO | => Setting Component Type: FT Real
(2024-12-10 04:10:09,554) | root| INFO | => Mixing in Real/Imaginary Mode
(2024-12-10 04:10:09,572) | root| INFO | => Image saved successfully as Reconstructed Images/reconstructed_image.png.
(2024-12-10 04:10:10,883) | root| INFO | => Selected component for image 1 is FT Imaginary
(2024-12-10 04:10:10,891) | root| INFO | => Setting Component Type: FT Imaginary
(2024-12-10 04:10:10,892) | root| INFO | => Mixing in Real/Imaginary Mode
(2024-12-10 04:10:10,912) | root| INFO | => Image saved successfully as Reconstructed Images/reconstructed_image.png.
(2024-12-10 04:10:12,850) | root| INFO | => Selected component for image 2 is FT Real
(2024-12-10 04:10:12,855) | root| INFO | => Setting Component Type: FT Real
(2024-12-10 04:10:12,856) | root| INFO | => Mixing in Real/Imaginary Mode
(2024-12-10 04:10:12,876) | root| INFO | => Image saved successfully as Reconstructed Images/reconstructed_image.png.
(2024-12-10 04:10:17,109) | root| INFO | => Selected component for image 3 is FT Imaginary
(2024-12-10 04:10:17,117) | root| INFO | => Setting Component Type: FT Imaginary
(2024-12-10 04:10:17,118) | root| INFO | => Mixing in Real/Imaginary Mode
(2024-12-10 04:10:17,140) | root| INFO | => Image saved successfully as Reconstructed Images/reconstructed_image.png.
(2024-12-10 04:10:21,102) | root| INFO | => Mixing in Real/Imaginary Mode
(2024-12-10 04:10:21,143) | root| INFO | => Image saved successfully as Reconstructed Images/reconstructed_image.png.
(2024-12-10 04:10:21,148) | root| INFO | => Mixing in Real/Imaginary Mode
(2024-12-10 04:10:21,177) | root| INFO | => Image saved successfully as Reconstructed Images/reconstructed_image.png.
(2024-12-10 04:10:21,181) | root| INFO | => Mixing in Real/Imaginary Mode
(2024-12-10 04:10:21,207) | root| INFO | => Image saved successfully as Reconstructed Images/reconstructed_image.png.
(2024-12-10 04:10:21,211) | root| INFO | => Mixing in Real/Imaginary Mode
(2024-12-10 04:10:21,238) | root| INFO | => Image saved successfully as Reconstructed Images/reconstructed_image.png.
(2024-12-10 04:10:21,241) | root| INFO | => Mixing in Real/Imaginary Mode
(2024-12-10 04:10:21,265) | root| INFO | => Image saved successfully as Reconstructed Images/reconstructed_image.png.
(2024-12-10 04:10:21,268) | root| INFO | => Mixing in Real/Imaginary Mode
(2024-12-10 04:10:21,289) | root| INFO | => Image saved successfully as Reconstructed Images/reconstructed_image.png.
(2024-12-10 04:10:21,292) | root| INFO | => Mixing in Real/Imaginary Mode
(2024-12-10 04:10:21,314) | root| INFO | => Image saved successfully as Reconstructed Images/reconstructed_image.png.
(2024-12-10 04:10:21,317) | root| INFO | => Mixing in Real/Imaginary Mode
(2024-12-10 04:10:21,339) | root| INFO | => Image saved successfully as Reconstructed Images/reconstructed_image.png.
(2024-12-10 04:10:22,837) | root| INFO | => Mixing in Real/Imaginary Mode
(2024-12-10 04:10:22,860) | root| INFO | => Image saved successfully as Reconstructed Images/reconstructed_image.png.
(2024-12-10 04:10:22,864) | root| INFO | => Mixing in Real/Imaginary Mode
(2024-12-10 04:10:22,886) | root| INFO | => Image saved successfully as Reconstructed Images/reconstructed_image.png.
(2024-12-10 04:10:22,890) | root| INFO | => Mixing in Real/Imaginary Mode
(2024-12-10 04:10:22,910) | root| INFO | => Image saved successfully as Reconstructed Images/reconstructed_image.png.
(2024-12-10 04:10:22,913) | root| INFO | => Mixing in Real/Imaginary Mode
(2024-12-10 04:10:22,937) | root| INFO | => Image saved successfully as Reconstructed Images/reconstructed_image.png.
(2024-12-10 04:10:22,943) | root| INFO | => Mixing in Real/Imaginary Mode
(2024-12-10 04:10:22,969) | root| INFO | => Image saved successfully as Reconstructed Images/reconstructed_image.png.
(2024-12-10 04:10:22,974) | root| INFO | => Mixing in Real/Imaginary Mode
(2024-12-10 04:10:22,996) | root| INFO | => Image saved successfully as Reconstructed Images/reconstructed_image.png.
(2024-12-10 04:10:23,001) | root| INFO | => Mixing in Real/Imaginary Mode
(2024-12-10 04:10:23,023) | root| INFO | => Image saved successfully as Reconstructed Images/reconstructed_image.png.
(2024-12-10 04:10:25,082) | root| INFO | => Mixing in Real/Imaginary Mode
(2024-12-10 04:10:25,105) | root| INFO | => Image saved successfully as Reconstructed Images/reconstructed_image.png.
(2024-12-10 04:10:25,110) | root| INFO | => Mixing in Real/Imaginary Mode
(2024-12-10 04:10:25,134) | root| INFO | => Image saved successfully as Reconstructed Images/reconstructed_image.png.
(2024-12-10 04:10:25,138) | root| INFO | => Mixing in Real/Imaginary Mode
(2024-12-10 04:10:25,160) | root| INFO | => Image saved successfully as Reconstructed Images/reconstructed_image.png.
(2024-12-10 04:10:25,163) | root| INFO | => Mixing in Real/Imaginary Mode
(2024-12-10 04:10:25,184) | root| INFO | => Image saved successfully as Reconstructed Images/reconstructed_image.png.
(2024-12-10 04:10:25,187) | root| INFO | => Mixing in Real/Imaginary Mode
(2024-12-10 04:10:25,209) | root| INFO | => Image saved successfully as Reconstructed Images/reconstructed_image.png.
(2024-12-10 04:10:25,212) | root| INFO | => Mixing in Real/Imaginary Mode
(2024-12-10 04:10:25,234) | root| INFO | => Image saved successfully as Reconstructed Images/reconstructed_image.png.
(2024-12-10 04:10:25,238) | root| INFO | => Mixing in Real/Imaginary Mode
(2024-12-10 04:10:25,260) | root| INFO | => Image saved successfully as Reconstructed Images/reconstructed_image.png.
(2024-12-10 04:10:25,262) | root| INFO | => Mixing in Real/Imaginary Mode
(2024-12-10 04:10:25,285) | root| INFO | => Image saved successfully as Reconstructed Images/reconstructed_image.png.
(2024-12-10 04:10:25,289) | root| INFO | => Mixing in Real/Imaginary Mode
(2024-12-10 04:10:25,310) | root| INFO | => Image saved successfully as Reconstructed Images/reconstructed_image.png.
(2024-12-10 04:10:25,316) | root| INFO | => Mixing in Real/Imaginary Mode
(2024-12-10 04:10:25,338) | root| INFO | => Image saved successfully as Reconstructed Images/reconstructed_image.png.
(2024-12-10 04:10:25,343) | root| INFO | => Mixing in Real/Imaginary Mode
(2024-12-10 04:10:25,367) | root| INFO | => Image saved successfully as Reconstructed Images/reconstructed_image.png.
(2024-12-10 04:10:25,370) | root| INFO | => Mixing in Real/Imaginary Mode
(2024-12-10 04:10:25,393) | root| INFO | => Image saved successfully as Reconstructed Images/reconstructed_image.png.
(2024-12-10 04:10:25,396) | root| INFO | => Mixing in Real/Imaginary Mode
(2024-12-10 04:10:25,420) | root| INFO | => Image saved successfully as Reconstructed Images/reconstructed_image.png.
(2024-12-10 04:10:25,423) | root| INFO | => Mixing in Real/Imaginary Mode
(2024-12-10 04:10:25,445) | root| INFO | => Image saved successfully as Reconstructed Images/reconstructed_image.png.
(2024-12-10 04:10:25,448) | root| INFO | => Mixing in Real/Imaginary Mode
(2024-12-10 04:10:25,476) | root| INFO | => Image saved successfully as Reconstructed Images/reconstructed_image.png.
(2024-12-10 04:10:25,483) | root| INFO | => Mixing in Real/Imaginary Mode
(2024-12-10 04:10:25,508) | root| INFO | => Image saved successfully as Reconstructed Images/reconstructed_image.png.
(2024-12-10 04:10:25,516) | root| INFO | => Mixing in Real/Imaginary Mode
(2024-12-10 04:10:25,539) | root| INFO | => Image saved successfully as Reconstructed Images/reconstructed_image.png.
(2024-12-10 04:10:25,545) | root| INFO | => Mixing in Real/Imaginary Mode
(2024-12-10 04:10:25,568) | root| INFO | => Image saved successfully as Reconstructed Images/reconstructed_image.png.
(2024-12-10 04:10:25,982) | root| INFO | => Mixing in Real/Imaginary Mode
(2024-12-10 04:10:26,010) | root| INFO | => Image saved successfully as Reconstructed Images/reconstructed_image.png.
(2024-12-10 04:10:26,015) | root| INFO | => Mixing in Real/Imaginary Mode
(2024-12-10 04:10:26,036) | root| INFO | => Image saved successfully as Reconstructed Images/reconstructed_image.png.
(2024-12-10 04:10:26,039) | root| INFO | => Mixing in Real/Imaginary Mode
(2024-12-10 04:10:26,062) | root| INFO | => Image saved successfully as Reconstructed Images/reconstructed_image.png.
(2024-12-10 04:10:26,065) | root| INFO | => Mixing in Real/Imaginary Mode
(2024-12-10 04:10:26,086) | root| INFO | => Image saved successfully as Reconstructed Images/reconstructed_image.png.
(2024-12-10 04:10:26,090) | root| INFO | => Mixing in Real/Imaginary Mode
(2024-12-10 04:10:26,112) | root| INFO | => Image saved successfully as Reconstructed Images/reconstructed_image.png.
(2024-12-10 04:10:26,115) | root| INFO | => Mixing in Real/Imaginary Mode
(2024-12-10 04:10:26,136) | root| INFO | => Image saved successfully as Reconstructed Images/reconstructed_image.png.
(2024-12-10 04:10:26,139) | root| INFO | => Mixing in Real/Imaginary Mode
(2024-12-10 04:10:26,162) | root| INFO | => Image saved successfully as Reconstructed Images/reconstructed_image.png.
(2024-12-10 04:10:26,166) | root| INFO | => Mixing in Real/Imaginary Mode
(2024-12-10 04:10:26,188) | root| INFO | => Image saved successfully as Reconstructed Images/reconstructed_image.png.
(2024-12-10 04:10:26,194) | root| INFO | => Mixing in Real/Imaginary Mode
(2024-12-10 04:10:26,216) | root| INFO | => Image saved successfully as Reconstructed Images/reconstructed_image.png.
(2024-12-10 04:10:26,220) | root| INFO | => Mixing in Real/Imaginary Mode
(2024-12-10 04:10:26,241) | root| INFO | => Image saved successfully as Reconstructed Images/reconstructed_image.png.
(2024-12-10 04:10:26,246) | root| INFO | => Mixing in Real/Imaginary Mode
(2024-12-10 04:10:26,267) | root| INFO | => Image saved successfully as Reconstructed Images/reconstructed_image.png.
(2024-12-10 04:10:26,271) | root| INFO | => Mixing in Real/Imaginary Mode
(2024-12-10 04:10:26,292) | root| INFO | => Image saved successfully as Reconstructed Images/reconstructed_image.png.
(2024-12-10 04:10:27,616) | root| INFO | => Mixing in Real/Imaginary Mode
(2024-12-10 04:10:27,638) | root| INFO | => Image saved successfully as Reconstructed Images/reconstructed_image.png.
(2024-12-10 04:10:27,642) | root| INFO | => Mixing in Real/Imaginary Mode
(2024-12-10 04:10:27,665) | root| INFO | => Image saved successfully as Reconstructed Images/reconstructed_image.png.
(2024-12-10 04:10:27,670) | root| INFO | => Mixing in Real/Imaginary Mode
(2024-12-10 04:10:27,693) | root| INFO | => Image saved successfully as Reconstructed Images/reconstructed_image.png.
(2024-12-10 04:10:27,696) | root| INFO | => Mixing in Real/Imaginary Mode
(2024-12-10 04:10:27,716) | root| INFO | => Image saved successfully as Reconstructed Images/reconstructed_image.png.
(2024-12-10 04:10:27,720) | root| INFO | => Mixing in Real/Imaginary Mode
(2024-12-10 04:10:27,741) | root| INFO | => Image saved successfully as Reconstructed Images/reconstructed_image.png.
(2024-12-10 04:10:27,744) | root| INFO | => Mixing in Real/Imaginary Mode
(2024-12-10 04:10:27,766) | root| INFO | => Image saved successfully as Reconstructed Images/reconstructed_image.png.
(2024-12-10 04:10:27,769) | root| INFO | => Mixing in Real/Imaginary Mode
(2024-12-10 04:10:27,791) | root| INFO | => Image saved successfully as Reconstructed Images/reconstructed_image.png.
(2024-12-10 04:10:27,796) | root| INFO | => Mixing in Real/Imaginary Mode
(2024-12-10 04:10:27,817) | root| INFO | => Image saved successfully as Reconstructed Images/reconstructed_image.png.
(2024-12-10 04:10:27,819) | root| INFO | => Mixing in Real/Imaginary Mode
(2024-12-10 04:10:27,840) | root| INFO | => Image saved successfully as Reconstructed Images/reconstructed_image.png.
(2024-12-10 04:10:27,844) | root| INFO | => Mixing in Real/Imaginary Mode
(2024-12-10 04:10:27,866) | root| INFO | => Image saved successfully as Reconstructed Images/reconstructed_image.png.
(2024-12-10 04:10:27,869) | root| INFO | => Mixing in Real/Imaginary Mode
(2024-12-10 04:10:27,890) | root| INFO | => Image saved successfully as Reconstructed Images/reconstructed_image.png.
(2024-12-10 04:10:27,894) | root| INFO | => Mixing in Real/Imaginary Mode
(2024-12-10 04:10:27,919) | root| INFO | => Image saved successfully as Reconstructed Images/reconstructed_image.png.
(2024-12-10 04:10:27,920) | root| INFO | => Mixing in Real/Imaginary Mode
(2024-12-10 04:10:27,942) | root| INFO | => Image saved successfully as Reconstructed Images/reconstructed_image.png.
(2024-12-10 04:10:27,945) | root| INFO | => Mixing in Real/Imaginary Mode
(2024-12-10 04:10:27,967) | root| INFO | => Image saved successfully as Reconstructed Images/reconstructed_image.png.
(2024-12-10 04:10:28,404) | root| INFO | => Mixing in Real/Imaginary Mode
(2024-12-10 04:10:28,428) | root| INFO | => Image saved successfully as Reconstructed Images/reconstructed_image.png.
(2024-12-10 04:10:28,431) | root| INFO | => Mixing in Real/Imaginary Mode
(2024-12-10 04:10:28,454) | root| INFO | => Image saved successfully as Reconstructed Images/reconstructed_image.png.
(2024-12-10 04:10:28,457) | root| INFO | => Mixing in Real/Imaginary Mode
(2024-12-10 04:10:28,479) | root| INFO | => Image saved successfully as Reconstructed Images/reconstructed_image.png.
(2024-12-10 04:10:28,485) | root| INFO | => Mixing in Real/Imaginary Mode
(2024-12-10 04:10:28,506) | root| INFO | => Image saved successfully as Reconstructed Images/reconstructed_image.png.
(2024-12-10 04:10:28,509) | root| INFO | => Mixing in Real/Imaginary Mode
(2024-12-10 04:10:28,533) | root| INFO | => Image saved successfully as Reconstructed Images/reconstructed_image.png.
(2024-12-10 04:10:28,537) | root| INFO | => Mixing in Real/Imaginary Mode
(2024-12-10 04:10:28,558) | root| INFO | => Image saved successfully as Reconstructed Images/reconstructed_image.png.
(2024-12-10 04:10:28,561) | root| INFO | => Mixing in Real/Imaginary Mode
(2024-12-10 04:10:28,583) | root| INFO | => Image saved successfully as Reconstructed Images/reconstructed_image.png.
(2024-12-10 04:10:30,386) | root| INFO | => Mode Changed: Real/Imaginary
(2024-12-10 04:10:30,387) | root| INFO | => Mixing in Magnitude/Phase Mode
(2024-12-10 04:10:30,388) | root| INFO | => Mode Changed: Real/Imaginary
(2024-12-10 04:10:32,504) | root| INFO | => Selected component for image 0 is FT Phase
(2024-12-10 04:10:32,509) | root| INFO | => Setting Component Type: FT Phase
(2024-12-10 04:10:32,509) | root| INFO | => Mixing in Magnitude/Phase Mode
(2024-12-10 04:10:32,518) | root| INFO | => Image saved successfully as Reconstructed Images/reconstructed_image.png.
(2024-12-10 04:10:33,992) | root| INFO | => Selected component for image 1 is FT Phase
(2024-12-10 04:10:34,003) | root| INFO | => Setting Component Type: FT Phase
(2024-12-10 04:10:34,004) | root| INFO | => Mixing in Magnitude/Phase Mode
(2024-12-10 04:10:34,019) | root| INFO | => Image saved successfully as Reconstructed Images/reconstructed_image.png.
(2024-12-10 04:10:35,697) | root| INFO | => Selected component for image 2 is FT Magnitude
(2024-12-10 04:10:35,701) | root| INFO | => Setting Component Type: FT Magnitude
(2024-12-10 04:10:35,702) | root| INFO | => Mixing in Magnitude/Phase Mode
(2024-12-10 04:10:35,725) | root| INFO | => Image saved successfully as Reconstructed Images/reconstructed_image.png.
(2024-12-10 04:10:38,333) | root| INFO | => Mixing in Magnitude/Phase Mode
(2024-12-10 04:10:38,367) | root| INFO | => Image saved successfully as Reconstructed Images/reconstructed_image.png.
(2024-12-10 04:10:38,370) | root| INFO | => Mixing in Magnitude/Phase Mode
(2024-12-10 04:10:38,394) | root| INFO | => Image saved successfully as Reconstructed Images/reconstructed_image.png.
(2024-12-10 04:10:38,397) | root| INFO | => Mixing in Magnitude/Phase Mode
(2024-12-10 04:10:38,420) | root| INFO | => Image saved successfully as Reconstructed Images/reconstructed_image.png.
(2024-12-10 04:10:38,425) | root| INFO | => Mixing in Magnitude/Phase Mode
(2024-12-10 04:10:38,448) | root| INFO | => Image saved successfully as Reconstructed Images/reconstructed_image.png.
(2024-12-10 04:10:38,454) | root| INFO | => Mixing in Magnitude/Phase Mode
(2024-12-10 04:10:38,478) | root| INFO | => Image saved successfully as Reconstructed Images/reconstructed_image.png.
(2024-12-10 04:10:38,480) | root| INFO | => Mixing in Magnitude/Phase Mode
(2024-12-10 04:10:38,503) | root| INFO | => Image saved successfully as Reconstructed Images/reconstructed_image.png.
(2024-12-10 04:10:38,506) | root| INFO | => Mixing in Magnitude/Phase Mode
(2024-12-10 04:10:38,529) | root| INFO | => Image saved successfully as Reconstructed Images/reconstructed_image.png.
(2024-12-10 04:10:38,533) | root| INFO | => Mixing in Magnitude/Phase Mode
(2024-12-10 04:10:38,556) | root| INFO | => Image saved successfully as Reconstructed Images/reconstructed_image.png.
(2024-12-10 04:10:38,560) | root| INFO | => Mixing in Magnitude/Phase Mode
(2024-12-10 04:10:38,583) | root| INFO | => Image saved successfully as Reconstructed Images/reconstructed_image.png.
(2024-12-10 04:10:38,587) | root| INFO | => Mixing in Magnitude/Phase Mode
(2024-12-10 04:10:38,610) | root| INFO | => Image saved successfully as Reconstructed Images/reconstructed_image.png.
(2024-12-10 04:10:38,612) | root| INFO | => Mixing in Magnitude/Phase Mode
(2024-12-10 04:10:38,635) | root| INFO | => Image saved successfully as Reconstructed Images/reconstructed_image.png.
(2024-12-10 04:10:38,639) | root| INFO | => Mixing in Magnitude/Phase Mode
(2024-12-10 04:10:38,663) | root| INFO | => Image saved successfully as Reconstructed Images/reconstructed_image.png.
(2024-12-10 04:10:38,667) | root| INFO | => Mixing in Magnitude/Phase Mode
(2024-12-10 04:10:38,691) | root| INFO | => Image saved successfully as Reconstructed Images/reconstructed_image.png.
(2024-12-10 04:10:38,694) | root| INFO | => Mixing in Magnitude/Phase Mode
(2024-12-10 04:10:38,717) | root| INFO | => Image saved successfully as Reconstructed Images/reconstructed_image.png.
(2024-12-10 04:10:38,721) | root| INFO | => Mixing in Magnitude/Phase Mode
(2024-12-10 04:10:38,747) | root| INFO | => Image saved successfully as Reconstructed Images/reconstructed_image.png.
(2024-12-10 04:10:38,751) | root| INFO | => Mixing in Magnitude/Phase Mode
(2024-12-10 04:10:38,778) | root| INFO | => Image saved successfully as Reconstructed Images/reconstructed_image.png.
(2024-12-10 04:10:38,941) | root| INFO | => Mixing in Magnitude/Phase Mode
(2024-12-10 04:10:38,965) | root| INFO | => Image saved successfully as Reconstructed Images/reconstructed_image.png.
(2024-12-10 04:10:38,970) | root| INFO | => Mixing in Magnitude/Phase Mode
(2024-12-10 04:10:38,993) | root| INFO | => Image saved successfully as Reconstructed Images/reconstructed_image.png.
(2024-12-10 04:10:38,998) | root| INFO | => Mixing in Magnitude/Phase Mode
(2024-12-10 04:10:39,022) | root| INFO | => Image saved successfully as Reconstructed Images/reconstructed_image.png.
(2024-12-10 04:10:39,023) | root| INFO | => Mixing in Magnitude/Phase Mode
(2024-12-10 04:10:39,049) | root| INFO | => Image saved successfully as Reconstructed Images/reconstructed_image.png.
(2024-12-10 04:10:39,053) | root| INFO | => Mixing in Magnitude/Phase Mode
(2024-12-10 04:10:39,079) | root| INFO | => Image saved successfully as Reconstructed Images/reconstructed_image.png.
(2024-12-10 04:10:39,084) | root| INFO | => Mixing in Magnitude/Phase Mode
(2024-12-10 04:10:39,108) | root| INFO | => Image saved successfully as Reconstructed Images/reconstructed_image.png.
(2024-12-10 04:10:39,113) | root| INFO | => Mixing in Magnitude/Phase Mode
(2024-12-10 04:10:39,137) | root| INFO | => Image saved successfully as Reconstructed Images/reconstructed_image.png.
(2024-12-10 04:10:39,158) | root| INFO | => Mixing in Magnitude/Phase Mode
(2024-12-10 04:10:39,182) | root| INFO | => Image saved successfully as Reconstructed Images/reconstructed_image.png.
(2024-12-10 04:10:39,214) | root| INFO | => Mixing in Magnitude/Phase Mode
(2024-12-10 04:10:39,240) | root| INFO | => Image saved successfully as Reconstructed Images/reconstructed_image.png.
(2024-12-10 04:10:39,243) | root| INFO | => Mixing in Magnitude/Phase Mode
(2024-12-10 04:10:39,268) | root| INFO | => Image saved successfully as Reconstructed Images/reconstructed_image.png.
(2024-12-10 04:10:39,279) | root| INFO | => Mixing in Magnitude/Phase Mode
(2024-12-10 04:10:39,303) | root| INFO | => Image saved successfully as Reconstructed Images/reconstructed_image.png.
(2024-12-10 04:10:39,357) | root| INFO | => Mixing in Magnitude/Phase Mode
(2024-12-10 04:10:39,383) | root| INFO | => Image saved successfully as Reconstructed Images/reconstructed_image.png.
(2024-12-10 04:10:39,386) | root| INFO | => Mixing in Magnitude/Phase Mode
(2024-12-10 04:10:39,409) | root| INFO | => Image saved successfully as Reconstructed Images/reconstructed_image.png.
(2024-12-10 04:10:39,413) | root| INFO | => Mixing in Magnitude/Phase Mode
(2024-12-10 04:10:39,437) | root| INFO | => Image saved successfully as Reconstructed Images/reconstructed_image.png.
(2024-12-10 04:10:39,441) | root| INFO | => Mixing in Magnitude/Phase Mode
(2024-12-10 04:10:39,466) | root| INFO | => Image saved successfully as Reconstructed Images/reconstructed_image.png.
(2024-12-10 04:10:39,470) | root| INFO | => Mixing in Magnitude/Phase Mode
(2024-12-10 04:10:39,494) | root| INFO | => Image saved successfully as Reconstructed Images/reconstructed_image.png.
(2024-12-10 04:10:39,504) | root| INFO | => Mixing in Magnitude/Phase Mode
(2024-12-10 04:10:39,528) | root| INFO | => Image saved successfully as Reconstructed Images/reconstructed_image.png.
(2024-12-10 04:10:39,539) | root| INFO | => Mixing in Magnitude/Phase Mode
(2024-12-10 04:10:39,563) | root| INFO | => Image saved successfully as Reconstructed Images/reconstructed_image.png.
(2024-12-10 04:10:39,597) | root| INFO | => Mixing in Magnitude/Phase Mode
(2024-12-10 04:10:39,647) | root| INFO | => Image saved successfully as Reconstructed Images/reconstructed_image.png.
(2024-12-10 04:10:39,651) | root| INFO | => Mixing in Magnitude/Phase Mode
(2024-12-10 04:10:39,677) | root| INFO | => Image saved successfully as Reconstructed Images/reconstructed_image.png.
(2024-12-10 04:10:39,681) | root| INFO | => Mixing in Magnitude/Phase Mode
(2024-12-10 04:10:39,704) | root| INFO | => Image saved successfully as Reconstructed Images/reconstructed_image.png.
(2024-12-10 04:10:39,709) | root| INFO | => Mixing in Magnitude/Phase Mode
(2024-12-10 04:10:39,736) | root| INFO | => Image saved successfully as Reconstructed Images/reconstructed_image.png.
(2024-12-10 04:10:39,815) | root| INFO | => Mixing in Magnitude/Phase Mode
(2024-12-10 04:10:39,843) | root| INFO | => Image saved successfully as Reconstructed Images/reconstructed_image.png.
(2024-12-10 04:10:41,306) | root| INFO | => Mixing in Magnitude/Phase Mode
(2024-12-10 04:10:41,340) | root| INFO | => Image saved successfully as Reconstructed Images/reconstructed_image.png.
(2024-12-10 04:10:41,349) | root| INFO | => Mixing in Magnitude/Phase Mode
(2024-12-10 04:10:41,374) | root| INFO | => Image saved successfully as Reconstructed Images/reconstructed_image.png.
(2024-12-10 04:10:41,378) | root| INFO | => Mixing in Magnitude/Phase Mode
(2024-12-10 04:10:41,402) | root| INFO | => Image saved successfully as Reconstructed Images/reconstructed_image.png.
(2024-12-10 04:10:41,407) | root| INFO | => Mixing in Magnitude/Phase Mode
(2024-12-10 04:10:41,431) | root| INFO | => Image saved successfully as Reconstructed Images/reconstructed_image.png.
(2024-12-10 04:10:41,437) | root| INFO | => Mixing in Magnitude/Phase Mode
(2024-12-10 04:10:41,460) | root| INFO | => Image saved successfully as Reconstructed Images/reconstructed_image.png.
(2024-12-10 04:10:41,463) | root| INFO | => Mixing in Magnitude/Phase Mode
(2024-12-10 04:10:41,486) | root| INFO | => Image saved successfully as Reconstructed Images/reconstructed_image.png.
(2024-12-10 04:10:41,489) | root| INFO | => Mixing in Magnitude/Phase Mode
(2024-12-10 04:10:41,512) | root| INFO | => Image saved successfully as Reconstructed Images/reconstructed_image.png.
(2024-12-10 04:10:41,514) | root| INFO | => Mixing in Magnitude/Phase Mode
(2024-12-10 04:10:41,536) | root| INFO | => Image saved successfully as Reconstructed Images/reconstructed_image.png.
(2024-12-10 04:10:41,539) | root| INFO | => Mixing in Magnitude/Phase Mode
(2024-12-10 04:10:41,564) | root| INFO | => Image saved successfully as Reconstructed Images/reconstructed_image.png.
(2024-12-10 04:10:41,567) | root| INFO | => Mixing in Magnitude/Phase Mode
(2024-12-10 04:10:41,593) | root| INFO | => Image saved successfully as Reconstructed Images/reconstructed_image.png.
(2024-12-10 04:10:41,602) | root| INFO | => Mixing in Magnitude/Phase Mode
(2024-12-10 04:10:41,626) | root| INFO | => Image saved successfully as Reconstructed Images/reconstructed_image.png.
(2024-12-10 04:10:41,630) | root| INFO | => Mixing in Magnitude/Phase Mode
(2024-12-10 04:10:41,654) | root| INFO | => Image saved successfully as Reconstructed Images/reconstructed_image.png.
(2024-12-10 04:10:41,659) | root| INFO | => Mixing in Magnitude/Phase Mode
(2024-12-10 04:10:41,684) | root| INFO | => Image saved successfully as Reconstructed Images/reconstructed_image.png.
(2024-12-10 04:10:41,689) | root| INFO | => Mixing in Magnitude/Phase Mode
(2024-12-10 04:10:41,711) | root| INFO | => Image saved successfully as Reconstructed Images/reconstructed_image.png.
(2024-12-10 04:10:41,714) | root| INFO | => Mixing in Magnitude/Phase Mode
(2024-12-10 04:10:41,737) | root| INFO | => Image saved successfully as Reconstructed Images/reconstructed_image.png.
(2024-12-10 04:10:41,771) | root| INFO | => Mixing in Magnitude/Phase Mode
(2024-12-10 04:10:41,796) | root| INFO | => Image saved successfully as Reconstructed Images/reconstructed_image.png.
(2024-12-10 04:10:41,806) | root| INFO | => Mixing in Magnitude/Phase Mode
(2024-12-10 04:10:41,830) | root| INFO | => Image saved successfully as Reconstructed Images/reconstructed_image.png.
(2024-12-10 04:10:42,549) | root| INFO | => Mixing in Magnitude/Phase Mode
(2024-12-10 04:10:42,579) | root| INFO | => Image saved successfully as Reconstructed Images/reconstructed_image.png.
(2024-12-10 04:10:42,584) | root| INFO | => Mixing in Magnitude/Phase Mode
(2024-12-10 04:10:42,609) | root| INFO | => Image saved successfully as Reconstructed Images/reconstructed_image.png.
(2024-12-10 04:10:42,614) | root| INFO | => Mixing in Magnitude/Phase Mode
(2024-12-10 04:10:42,637) | root| INFO | => Image saved successfully as Reconstructed Images/reconstructed_image.png.
(2024-12-10 04:10:42,643) | root| INFO | => Mixing in Magnitude/Phase Mode
(2024-12-10 04:10:42,667) | root| INFO | => Image saved successfully as Reconstructed Images/reconstructed_image.png.
(2024-12-10 04:10:42,669) | root| INFO | => Mixing in Magnitude/Phase Mode
(2024-12-10 04:10:42,691) | root| INFO | => Image saved successfully as Reconstructed Images/reconstructed_image.png.
(2024-12-10 04:10:42,696) | root| INFO | => Mixing in Magnitude/Phase Mode
(2024-12-10 04:10:42,719) | root| INFO | => Image saved successfully as Reconstructed Images/reconstructed_image.png.
(2024-12-10 04:10:42,739) | root| INFO | => Mixing in Magnitude/Phase Mode
(2024-12-10 04:10:42,763) | root| INFO | => Image saved successfully as Reconstructed Images/reconstructed_image.png.
(2024-12-10 04:10:43,208) | root| INFO | => Mixing in Magnitude/Phase Mode
(2024-12-10 04:10:43,233) | root| INFO | => Image saved successfully as Reconstructed Images/reconstructed_image.png.
(2024-12-10 04:10:43,239) | root| INFO | => Mixing in Magnitude/Phase Mode
(2024-12-10 04:10:43,266) | root| INFO | => Image saved successfully as Reconstructed Images/reconstructed_image.png.
(2024-12-10 04:10:43,270) | root| INFO | => Mixing in Magnitude/Phase Mode
(2024-12-10 04:10:43,293) | root| INFO | => Image saved successfully as Reconstructed Images/reconstructed_image.png.
(2024-12-10 04:10:43,298) | root| INFO | => Mixing in Magnitude/Phase Mode
(2024-12-10 04:10:43,325) | root| INFO | => Image saved successfully as Reconstructed Images/reconstructed_image.png.
(2024-12-10 04:10:43,330) | root| INFO | => Mixing in Magnitude/Phase Mode
(2024-12-10 04:10:43,355) | root| INFO | => Image saved successfully as Reconstructed Images/reconstructed_image.png.
(2024-12-10 04:10:43,360) | root| INFO | => Mixing in Magnitude/Phase Mode
(2024-12-10 04:10:43,385) | root| INFO | => Image saved successfully as Reconstructed Images/reconstructed_image.png.
(2024-12-10 04:10:43,390) | root| INFO | => Mixing in Magnitude/Phase Mode
(2024-12-10 04:10:43,414) | root| INFO | => Image saved successfully as Reconstructed Images/reconstructed_image.png.
(2024-12-10 04:10:43,417) | root| INFO | => Mixing in Magnitude/Phase Mode
(2024-12-10 04:10:43,445) | root| INFO | => Image saved successfully as Reconstructed Images/reconstructed_image.png.
(2024-12-10 04:10:44,771) | root| INFO | => Mixing in Magnitude/Phase Mode
(2024-12-10 04:10:44,800) | root| INFO | => Image saved successfully as Reconstructed Images/reconstructed_image.png.
(2024-12-10 04:10:44,803) | root| INFO | => Mixing in Magnitude/Phase Mode
(2024-12-10 04:10:44,827) | root| INFO | => Image saved successfully as Reconstructed Images/reconstructed_image.png.
(2024-12-10 04:10:44,831) | root| INFO | => Mixing in Magnitude/Phase Mode
(2024-12-10 04:10:44,850) | root| INFO | => Image saved successfully as Reconstructed Images/reconstructed_image.png.
(2024-12-10 04:10:44,854) | root| INFO | => Mixing in Magnitude/Phase Mode
(2024-12-10 04:10:44,873) | root| INFO | => Image saved successfully as Reconstructed Images/reconstructed_image.png.
(2024-12-10 04:10:46,165) | root| INFO | => Mixing in Magnitude/Phase Mode
(2024-12-10 04:10:46,187) | root| INFO | => Image saved successfully as Reconstructed Images/reconstructed_image.png.
(2024-12-10 04:10:46,191) | root| INFO | => Mixing in Magnitude/Phase Mode
(2024-12-10 04:10:46,208) | root| INFO | => Image saved successfully as Reconstructed Images/reconstructed_image.png.
(2024-12-10 04:10:46,213) | root| INFO | => Mixing in Magnitude/Phase Mode
(2024-12-10 04:10:46,231) | root| INFO | => Image saved successfully as Reconstructed Images/reconstructed_image.png.
(2024-12-10 04:10:46,233) | root| INFO | => Mixing in Magnitude/Phase Mode
(2024-12-10 04:10:46,250) | root| INFO | => Image saved successfully as Reconstructed Images/reconstructed_image.png.
(2024-12-10 04:10:46,256) | root| INFO | => Mixing in Magnitude/Phase Mode
(2024-12-10 04:10:46,263) | root| INFO | => Image saved successfully as Reconstructed Images/reconstructed_image.png.
(2024-12-10 04:10:51,989) | root| INFO | => Selected component for image 0 is FT Magnitude
(2024-12-10 04:10:51,996) | root| INFO | => Setting Component Type: FT Magnitude
(2024-12-10 04:10:51,997) | root| INFO | => Mixing in Magnitude/Phase Mode
(2024-12-10 04:10:52,027) | root| INFO | => Image saved successfully as Reconstructed Images/reconstructed_image.png.
(2024-12-10 04:11:34,710) | root| INFO | => Selected component for image 0 is FT Phase
(2024-12-10 04:11:34,720) | root| INFO | => Setting Component Type: FT Phase
(2024-12-10 04:11:34,721) | root| INFO | => Mixing in Magnitude/Phase Mode
(2024-12-10 04:11:34,730) | root| INFO | => Image saved successfully as Reconstructed Images/reconstructed_image.png.
(2024-12-10 04:11:39,431) | root| INFO | => Mixing in Magnitude/Phase Mode
(2024-12-10 04:11:39,450) | root| INFO | => Image saved successfully as Reconstructed Images/reconstructed_image.png.
(2024-12-10 04:11:39,456) | root| INFO | => Mixing in Magnitude/Phase Mode
(2024-12-10 04:11:39,485) | root| INFO | => Image saved successfully as Reconstructed Images/reconstructed_image.png.
(2024-12-10 04:11:39,488) | root| INFO | => Mixing in Magnitude/Phase Mode
(2024-12-10 04:11:39,514) | root| INFO | => Image saved successfully as Reconstructed Images/reconstructed_image.png.
(2024-12-10 04:11:39,519) | root| INFO | => Mixing in Magnitude/Phase Mode
(2024-12-10 04:11:39,544) | root| INFO | => Image saved successfully as Reconstructed Images/reconstructed_image.png.
(2024-12-10 04:11:39,547) | root| INFO | => Mixing in Magnitude/Phase Mode
(2024-12-10 04:11:39,567) | root| INFO | => Image saved successfully as Reconstructed Images/reconstructed_image.png.
(2024-12-10 04:11:39,570) | root| INFO | => Mixing in Magnitude/Phase Mode
(2024-12-10 04:11:39,591) | root| INFO | => Image saved successfully as Reconstructed Images/reconstructed_image.png.
(2024-12-10 04:11:39,594) | root| INFO | => Mixing in Magnitude/Phase Mode
(2024-12-10 04:11:39,621) | root| INFO | => Image saved successfully as Reconstructed Images/reconstructed_image.png.
(2024-12-10 04:11:39,625) | root| INFO | => Mixing in Magnitude/Phase Mode
(2024-12-10 04:11:39,653) | root| INFO | => Image saved successfully as Reconstructed Images/reconstructed_image.png.
(2024-12-10 04:11:39,656) | root| INFO | => Mixing in Magnitude/Phase Mode
(2024-12-10 04:11:39,673) | root| INFO | => Image saved successfully as Reconstructed Images/reconstructed_image.png.
(2024-12-10 04:11:39,686) | root| INFO | => Mixing in Magnitude/Phase Mode
(2024-12-10 04:11:39,703) | root| INFO | => Image saved successfully as Reconstructed Images/reconstructed_image.png.
(2024-12-10 04:11:39,705) | root| INFO | => Mixing in Magnitude/Phase Mode
(2024-12-10 04:11:39,722) | root| INFO | => Image saved successfully as Reconstructed Images/reconstructed_image.png.
(2024-12-10 04:11:39,725) | root| INFO | => Mixing in Magnitude/Phase Mode
(2024-12-10 04:11:39,742) | root| INFO | => Image saved successfully as Reconstructed Images/reconstructed_image.png.
(2024-12-10 04:11:39,745) | root| INFO | => Mixing in Magnitude/Phase Mode
(2024-12-10 04:11:39,761) | root| INFO | => Image saved successfully as Reconstructed Images/reconstructed_image.png.
(2024-12-10 04:11:39,764) | root| INFO | => Mixing in Magnitude/Phase Mode
(2024-12-10 04:11:39,781) | root| INFO | => Image saved successfully as Reconstructed Images/reconstructed_image.png.
(2024-12-10 04:11:39,783) | root| INFO | => Mixing in Magnitude/Phase Mode
(2024-12-10 04:11:39,800) | root| INFO | => Image saved successfully as Reconstructed Images/reconstructed_image.png.
(2024-12-10 04:11:39,802) | root| INFO | => Mixing in Magnitude/Phase Mode
(2024-12-10 04:11:39,819) | root| INFO | => Image saved successfully as Reconstructed Images/reconstructed_image.png.
(2024-12-10 04:11:39,821) | root| INFO | => Mixing in Magnitude/Phase Mode
(2024-12-10 04:11:39,837) | root| INFO | => Image saved successfully as Reconstructed Images/reconstructed_image.png.
(2024-12-10 04:11:42,001) | root| INFO | => Mixing in Magnitude/Phase Mode
(2024-12-10 04:11:42,029) | root| INFO | => Image saved successfully as Reconstructed Images/reconstructed_image.png.
(2024-12-10 04:11:42,033) | root| INFO | => Mixing in Magnitude/Phase Mode
(2024-12-10 04:11:42,049) | root| INFO | => Image saved successfully as Reconstructed Images/reconstructed_image.png.
(2024-12-10 04:11:42,051) | root| INFO | => Mixing in Magnitude/Phase Mode
(2024-12-10 04:11:42,069) | root| INFO | => Image saved successfully as Reconstructed Images/reconstructed_image.png.
(2024-12-10 04:11:42,072) | root| INFO | => Mixing in Magnitude/Phase Mode
(2024-12-10 04:11:42,087) | root| INFO | => Image saved successfully as Reconstructed Images/reconstructed_image.png.
(2024-12-10 04:11:42,090) | root| INFO | => Mixing in Magnitude/Phase Mode
(2024-12-10 04:11:42,106) | root| INFO | => Image saved successfully as Reconstructed Images/reconstructed_image.png.
(2024-12-10 04:11:42,109) | root| INFO | => Mixing in Magnitude/Phase Mode
(2024-12-10 04:11:42,126) | root| INFO | => Image saved successfully as Reconstructed Images/reconstructed_image.png.
(2024-12-10 04:11:42,130) | root| INFO | => Mixing in Magnitude/Phase Mode
(2024-12-10 04:11:42,157) | root| INFO | => Image saved successfully as Reconstructed Images/reconstructed_image.png.
(2024-12-10 04:11:42,162) | root| INFO | => Mixing in Magnitude/Phase Mode
(2024-12-10 04:11:42,186) | root| INFO | => Image saved successfully as Reconstructed Images/reconstructed_image.png.
(2024-12-10 04:11:42,188) | root| INFO | => Mixing in Magnitude/Phase Mode
(2024-12-10 04:11:42,205) | root| INFO | => Image saved successfully as Reconstructed Images/reconstructed_image.png.
(2024-12-10 04:11:42,208) | root| INFO | => Mixing in Magnitude/Phase Mode
(2024-12-10 04:11:42,224) | root| INFO | => Image saved successfully as Reconstructed Images/reconstructed_image.png.
(2024-12-10 04:11:42,227) | root| INFO | => Mixing in Magnitude/Phase Mode
(2024-12-10 04:11:42,245) | root| INFO | => Image saved successfully as Reconstructed Images/reconstructed_image.png.
(2024-12-10 04:11:42,246) | root| INFO | => Mixing in Magnitude/Phase Mode
(2024-12-10 04:11:42,261) | root| INFO | => Image saved successfully as Reconstructed Images/reconstructed_image.png.
(2024-12-10 04:11:42,265) | root| INFO | => Mixing in Magnitude/Phase Mode
(2024-12-10 04:11:42,281) | root| INFO | => Image saved successfully as Reconstructed Images/reconstructed_image.png.
(2024-12-10 04:11:42,284) | root| INFO | => Mixing in Magnitude/Phase Mode
(2024-12-10 04:11:42,302) | root| INFO | => Image saved successfully as Reconstructed Images/reconstructed_image.png.
(2024-12-10 04:11:42,304) | root| INFO | => Mixing in Magnitude/Phase Mode
(2024-12-10 04:11:42,321) | root| INFO | => Image saved successfully as Reconstructed Images/reconstructed_image.png.
(2024-12-10 04:11:42,324) | root| INFO | => Mixing in Magnitude/Phase Mode
(2024-12-10 04:11:42,341) | root| INFO | => Image saved successfully as Reconstructed Images/reconstructed_image.png.
(2024-12-10 04:11:48,408) | root| INFO | => Mixing in Magnitude/Phase Mode
(2024-12-10 04:11:48,435) | root| INFO | => Image saved successfully as Reconstructed Images/reconstructed_image.png.
(2024-12-10 04:11:48,440) | root| INFO | => Mixing in Magnitude/Phase Mode
(2024-12-10 04:11:48,470) | root| INFO | => Image saved successfully as Reconstructed Images/reconstructed_image.png.
(2024-12-10 04:11:48,476) | root| INFO | => Mixing in Magnitude/Phase Mode
(2024-12-10 04:11:48,503) | root| INFO | => Image saved successfully as Reconstructed Images/reconstructed_image.png.
(2024-12-10 04:11:48,506) | root| INFO | => Mixing in Magnitude/Phase Mode
(2024-12-10 04:11:48,523) | root| INFO | => Image saved successfully as Reconstructed Images/reconstructed_image.png.
(2024-12-10 04:11:48,524) | root| INFO | => Mixing in Magnitude/Phase Mode
(2024-12-10 04:11:48,541) | root| INFO | => Image saved successfully as Reconstructed Images/reconstructed_image.png.
(2024-12-10 04:11:48,545) | root| INFO | => Mixing in Magnitude/Phase Mode
(2024-12-10 04:11:48,562) | root| INFO | => Image saved successfully as Reconstructed Images/reconstructed_image.png.
(2024-12-10 04:11:48,565) | root| INFO | => Mixing in Magnitude/Phase Mode
(2024-12-10 04:11:48,581) | root| INFO | => Image saved successfully as Reconstructed Images/reconstructed_image.png.
(2024-12-10 04:11:48,584) | root| INFO | => Mixing in Magnitude/Phase Mode
(2024-12-10 04:11:48,601) | root| INFO | => Image saved successfully as Reconstructed Images/reconstructed_image.png.
(2024-12-10 04:11:48,603) | root| INFO | => Mixing in Magnitude/Phase Mode
(2024-12-10 04:11:48,620) | root| INFO | => Image saved successfully as Reconstructed Images/reconstructed_image.png.
(2024-12-10 04:11:48,623) | root| INFO | => Mixing in Magnitude/Phase Mode
(2024-12-10 04:11:48,641) | root| INFO | => Image saved successfully as Reconstructed Images/reconstructed_image.png.
(2024-12-10 04:11:48,644) | root| INFO | => Mixing in Magnitude/Phase Mode
(2024-12-10 04:11:48,660) | root| INFO | => Image saved successfully as Reconstructed Images/reconstructed_image.png.
(2024-12-10 04:11:48,663) | root| INFO | => Mixing in Magnitude/Phase Mode
(2024-12-10 04:11:48,680) | root| INFO | => Image saved successfully as Reconstructed Images/reconstructed_image.png.
(2024-12-10 04:11:48,684) | root| INFO | => Mixing in Magnitude/Phase Mode
(2024-12-10 04:11:48,692) | root| INFO | => Image saved successfully as Reconstructed Images/reconstructed_image.png.
(2024-12-10 04:11:50,717) | root| INFO | => Mixing in Magnitude/Phase Mode
(2024-12-10 04:11:50,730) | root| INFO | => Image saved successfully as Reconstructed Images/reconstructed_image.png.
(2024-12-10 04:11:50,734) | root| INFO | => Mixing in Magnitude/Phase Mode
(2024-12-10 04:11:50,746) | root| INFO | => Image saved successfully as Reconstructed Images/reconstructed_image.png.
(2024-12-10 04:11:50,750) | root| INFO | => Mixing in Magnitude/Phase Mode
(2024-12-10 04:11:50,762) | root| INFO | => Image saved successfully as Reconstructed Images/reconstructed_image.png.
(2024-12-10 04:11:50,767) | root| INFO | => Mixing in Magnitude/Phase Mode
(2024-12-10 04:11:50,780) | root| INFO | => Image saved successfully as Reconstructed Images/reconstructed_image.png.
(2024-12-10 04:11:50,794) | root| INFO | => Mixing in Magnitude/Phase Mode
(2024-12-10 04:11:50,806) | root| INFO | => Image saved successfully as Reconstructed Images/reconstructed_image.png.
(2024-12-10 04:11:50,823) | root| INFO | => Mixing in Magnitude/Phase Mode
(2024-12-10 04:11:50,836) | root| INFO | => Image saved successfully as Reconstructed Images/reconstructed_image.png.
(2024-12-10 04:11:50,865) | root| INFO | => Mixing in Magnitude/Phase Mode
(2024-12-10 04:11:50,877) | root| INFO | => Image saved successfully as Reconstructed Images/reconstructed_image.png.
(2024-12-10 04:11:50,886) | root| INFO | => Mixing in Magnitude/Phase Mode
(2024-12-10 04:11:50,900) | root| INFO | => Image saved successfully as Reconstructed Images/reconstructed_image.png.
(2024-12-10 04:11:50,905) | root| INFO | => Mixing in Magnitude/Phase Mode
(2024-12-10 04:11:50,916) | root| INFO | => Image saved successfully as Reconstructed Images/reconstructed_image.png.
(2024-12-10 04:11:50,922) | root| INFO | => Mixing in Magnitude/Phase Mode
(2024-12-10 04:11:50,930) | root| INFO | => Image saved successfully as Reconstructed Images/reconstructed_image.png.
(2024-12-10 04:11:50,933) | root| INFO | => Mixing in Magnitude/Phase Mode
(2024-12-10 04:11:50,941) | root| INFO | => Image saved successfully as Reconstructed Images/reconstructed_image.png.
(2024-12-10 04:11:50,943) | root| INFO | => Mixing in Magnitude/Phase Mode
(2024-12-10 04:11:50,951) | root| INFO | => Image saved successfully as Reconstructed Images/reconstructed_image.png.
(2024-12-10 04:11:50,955) | root| INFO | => Mixing in Magnitude/Phase Mode
(2024-12-10 04:11:50,963) | root| INFO | => Image saved successfully as Reconstructed Images/reconstructed_image.png.
(2024-12-10 04:11:50,984) | root| INFO | => Mixing in Magnitude/Phase Mode
(2024-12-10 04:11:50,991) | root| INFO | => Image saved successfully as Reconstructed Images/reconstructed_image.png.
(2024-12-10 04:11:51,012) | root| INFO | => Mixing in Magnitude/Phase Mode
(2024-12-10 04:11:51,020) | root| INFO | => Image saved successfully as Reconstructed Images/reconstructed_image.png.
(2024-12-10 04:11:51,022) | root| INFO | => Mixing in Magnitude/Phase Mode
(2024-12-10 04:11:51,030) | root| INFO | => Image saved successfully as Reconstructed Images/reconstructed_image.png.
(2024-12-10 04:11:51,033) | root| INFO | => Mixing in Magnitude/Phase Mode
(2024-12-10 04:11:51,040) | root| INFO | => Image saved successfully as Reconstructed Images/reconstructed_image.png.
(2024-12-10 04:11:51,044) | root| INFO | => Mixing in Magnitude/Phase Mode
(2024-12-10 04:11:51,051) | root| INFO | => Image saved successfully as Reconstructed Images/reconstructed_image.png.
(2024-12-10 04:11:51,054) | root| INFO | => Mixing in Magnitude/Phase Mode
(2024-12-10 04:11:51,061) | root| INFO | => Image saved successfully as Reconstructed Images/reconstructed_image.png.
(2024-12-10 04:11:51,064) | root| INFO | => Mixing in Magnitude/Phase Mode
(2024-12-10 04:11:51,071) | root| INFO | => Image saved successfully as Reconstructed Images/reconstructed_image.png.
(2024-12-10 04:11:51,075) | root| INFO | => Mixing in Magnitude/Phase Mode
(2024-12-10 04:11:51,082) | root| INFO | => Image saved successfully as Reconstructed Images/reconstructed_image.png.
(2024-12-10 04:11:51,085) | root| INFO | => Mixing in Magnitude/Phase Mode
(2024-12-10 04:11:51,092) | root| INFO | => Image saved successfully as Reconstructed Images/reconstructed_image.png.
(2024-12-10 04:11:51,096) | root| INFO | => Mixing in Magnitude/Phase Mode
(2024-12-10 04:11:51,104) | root| INFO | => Image saved successfully as Reconstructed Images/reconstructed_image.png.
(2024-12-10 04:11:51,107) | root| INFO | => Mixing in Magnitude/Phase Mode
(2024-12-10 04:11:51,115) | root| INFO | => Image saved successfully as Reconstructed Images/reconstructed_image.png.
(2024-12-10 04:11:51,126) | root| INFO | => Mixing in Magnitude/Phase Mode
(2024-12-10 04:11:51,136) | root| INFO | => Image saved successfully as Reconstructed Images/reconstructed_image.png.
(2024-12-10 04:11:51,146) | root| INFO | => Mixing in Magnitude/Phase Mode
(2024-12-10 04:11:51,153) | root| INFO | => Image saved successfully as Reconstructed Images/reconstructed_image.png.
(2024-12-10 04:11:51,156) | root| INFO | => Mixing in Magnitude/Phase Mode
(2024-12-10 04:11:51,164) | root| INFO | => Image saved successfully as Reconstructed Images/reconstructed_image.png.
(2024-12-10 04:11:51,166) | root| INFO | => Mixing in Magnitude/Phase Mode
(2024-12-10 04:11:51,173) | root| INFO | => Image saved successfully as Reconstructed Images/reconstructed_image.png.
(2024-12-10 04:11:51,176) | root| INFO | => Mixing in Magnitude/Phase Mode
(2024-12-10 04:11:51,183) | root| INFO | => Image saved successfully as Reconstructed Images/reconstructed_image.png.
(2024-12-10 04:11:51,187) | root| INFO | => Mixing in Magnitude/Phase Mode
(2024-12-10 04:11:51,195) | root| INFO | => Image saved successfully as Reconstructed Images/reconstructed_image.png.
(2024-12-10 04:11:51,197) | root| INFO | => Mixing in Magnitude/Phase Mode
(2024-12-10 04:11:51,205) | root| INFO | => Image saved successfully as Reconstructed Images/reconstructed_image.png.
(2024-12-10 04:11:51,210) | root| INFO | => Mixing in Magnitude/Phase Mode
(2024-12-10 04:11:51,216) | root| INFO | => Image saved successfully as Reconstructed Images/reconstructed_image.png.
(2024-12-10 04:11:51,261) | root| INFO | => Mixing in Magnitude/Phase Mode
(2024-12-10 04:11:51,273) | root| INFO | => Image saved successfully as Reconstructed Images/reconstructed_image.png.
(2024-12-10 04:11:51,297) | root| INFO | => Mixing in Magnitude/Phase Mode
(2024-12-10 04:11:51,309) | root| INFO | => Image saved successfully as Reconstructed Images/reconstructed_image.png.
(2024-12-10 04:11:51,351) | root| INFO | => Mixing in Magnitude/Phase Mode
(2024-12-10 04:11:51,364) | root| INFO | => Image saved successfully as Reconstructed Images/reconstructed_image.png.
(2024-12-10 04:11:51,387) | root| INFO | => Mixing in Magnitude/Phase Mode
(2024-12-10 04:11:51,397) | root| INFO | => Image saved successfully as Reconstructed Images/reconstructed_image.png.
(2024-12-10 04:11:53,853) | root| INFO | => Mixing in Magnitude/Phase Mode
(2024-12-10 04:11:53,877) | root| INFO | => Image saved successfully as Reconstructed Images/reconstructed_image.png.
(2024-12-10 04:11:53,882) | root| INFO | => Mixing in Magnitude/Phase Mode
(2024-12-10 04:11:53,911) | root| INFO | => Image saved successfully as Reconstructed Images/reconstructed_image.png.
(2024-12-10 04:11:53,915) | root| INFO | => Mixing in Magnitude/Phase Mode
(2024-12-10 04:11:53,942) | root| INFO | => Image saved successfully as Reconstructed Images/reconstructed_image.png.
(2024-12-10 04:11:53,946) | root| INFO | => Mixing in Magnitude/Phase Mode
(2024-12-10 04:11:53,968) | root| INFO | => Image saved successfully as Reconstructed Images/reconstructed_image.png.
(2024-12-10 04:11:53,971) | root| INFO | => Mixing in Magnitude/Phase Mode
(2024-12-10 04:11:53,989) | root| INFO | => Image saved successfully as Reconstructed Images/reconstructed_image.png.
(2024-12-10 04:11:53,992) | root| INFO | => Mixing in Magnitude/Phase Mode
(2024-12-10 04:11:54,009) | root| INFO | => Image saved successfully as Reconstructed Images/reconstructed_image.png.
(2024-12-10 04:11:54,011) | root| INFO | => Mixing in Magnitude/Phase Mode
(2024-12-10 04:11:54,028) | root| INFO | => Image saved successfully as Reconstructed Images/reconstructed_image.png.
(2024-12-10 04:11:54,032) | root| INFO | => Mixing in Magnitude/Phase Mode
(2024-12-10 04:11:54,048) | root| INFO | => Image saved successfully as Reconstructed Images/reconstructed_image.png.
(2024-12-10 04:11:54,052) | root| INFO | => Mixing in Magnitude/Phase Mode
(2024-12-10 04:11:54,069) | root| INFO | => Image saved successfully as Reconstructed Images/reconstructed_image.png.
(2024-12-10 04:11:54,073) | root| INFO | => Mixing in Magnitude/Phase Mode
(2024-12-10 04:11:54,089) | root| INFO | => Image saved successfully as Reconstructed Images/reconstructed_image.png.
(2024-12-10 04:11:54,092) | root| INFO | => Mixing in Magnitude/Phase Mode
(2024-12-10 04:11:54,109) | root| INFO | => Image saved successfully as Reconstructed Images/reconstructed_image.png.
(2024-12-10 04:11:54,114) | root| INFO | => Mixing in Magnitude/Phase Mode
(2024-12-10 04:11:54,131) | root| INFO | => Image saved successfully as Reconstructed Images/reconstructed_image.png.
(2024-12-10 04:11:54,134) | root| INFO | => Mixing in Magnitude/Phase Mode
(2024-12-10 04:11:54,151) | root| INFO | => Image saved successfully as Reconstructed Images/reconstructed_image.png.
(2024-12-10 04:11:54,154) | root| INFO | => Mixing in Magnitude/Phase Mode
(2024-12-10 04:11:54,172) | root| INFO | => Image saved successfully as Reconstructed Images/reconstructed_image.png.
(2024-12-10 04:11:54,177) | root| INFO | => Mixing in Magnitude/Phase Mode
(2024-12-10 04:11:54,195) | root| INFO | => Image saved successfully as Reconstructed Images/reconstructed_image.png.
(2024-12-10 04:11:54,198) | root| INFO | => Mixing in Magnitude/Phase Mode
(2024-12-10 04:11:54,214) | root| INFO | => Image saved successfully as Reconstructed Images/reconstructed_image.png.
(2024-12-10 04:11:54,217) | root| INFO | => Mixing in Magnitude/Phase Mode
(2024-12-10 04:11:54,235) | root| INFO | => Image saved successfully as Reconstructed Images/reconstructed_image.png.
(2024-12-10 04:11:54,238) | root| INFO | => Mixing in Magnitude/Phase Mode
(2024-12-10 04:11:54,254) | root| INFO | => Image saved successfully as Reconstructed Images/reconstructed_image.png.
(2024-12-10 04:11:54,257) | root| INFO | => Mixing in Magnitude/Phase Mode
(2024-12-10 04:11:54,274) | root| INFO | => Image saved successfully as Reconstructed Images/reconstructed_image.png.
(2024-12-10 04:11:54,277) | root| INFO | => Mixing in Magnitude/Phase Mode
(2024-12-10 04:11:54,294) | root| INFO | => Image saved successfully as Reconstructed Images/reconstructed_image.png.
(2024-12-10 04:11:54,298) | root| INFO | => Mixing in Magnitude/Phase Mode
(2024-12-10 04:11:54,314) | root| INFO | => Image saved successfully as Reconstructed Images/reconstructed_image.png.
(2024-12-10 04:11:55,785) | root| INFO | => Mixing in Magnitude/Phase Mode
(2024-12-10 04:11:55,809) | root| INFO | => Image saved successfully as Reconstructed Images/reconstructed_image.png.
(2024-12-10 04:11:55,812) | root| INFO | => Mixing in Magnitude/Phase Mode
(2024-12-10 04:11:55,840) | root| INFO | => Image saved successfully as Reconstructed Images/reconstructed_image.png.
(2024-12-10 04:11:55,843) | root| INFO | => Mixing in Magnitude/Phase Mode
(2024-12-10 04:11:55,859) | root| INFO | => Image saved successfully as Reconstructed Images/reconstructed_image.png.
(2024-12-10 04:11:55,862) | root| INFO | => Mixing in Magnitude/Phase Mode
(2024-12-10 04:11:55,879) | root| INFO | => Image saved successfully as Reconstructed Images/reconstructed_image.png.
(2024-12-10 04:11:55,882) | root| INFO | => Mixing in Magnitude/Phase Mode
(2024-12-10 04:11:55,898) | root| INFO | => Image saved successfully as Reconstructed Images/reconstructed_image.png.
(2024-12-10 04:11:55,900) | root| INFO | => Mixing in Magnitude/Phase Mode
(2024-12-10 04:11:55,920) | root| INFO | => Image saved successfully as Reconstructed Images/reconstructed_image.png.
(2024-12-10 04:11:55,924) | root| INFO | => Mixing in Magnitude/Phase Mode
(2024-12-10 04:11:55,952) | root| INFO | => Image saved successfully as Reconstructed Images/reconstructed_image.png.
(2024-12-10 04:11:55,955) | root| INFO | => Mixing in Magnitude/Phase Mode
(2024-12-10 04:11:55,983) | root| INFO | => Image saved successfully as Reconstructed Images/reconstructed_image.png.
(2024-12-10 04:11:55,987) | root| INFO | => Mixing in Magnitude/Phase Mode
(2024-12-10 04:11:56,016) | root| INFO | => Image saved successfully as Reconstructed Images/reconstructed_image.png.
(2024-12-10 04:11:56,111) | root| INFO | => Mixing in Magnitude/Phase Mode
(2024-12-10 04:11:56,138) | root| INFO | => Image saved successfully as Reconstructed Images/reconstructed_image.png.
(2024-12-10 04:11:56,142) | root| INFO | => Mixing in Magnitude/Phase Mode
(2024-12-10 04:11:56,159) | root| INFO | => Image saved successfully as Reconstructed Images/reconstructed_image.png.
(2024-12-10 04:11:56,163) | root| INFO | => Mixing in Magnitude/Phase Mode
(2024-12-10 04:11:56,195) | root| INFO | => Image saved successfully as Reconstructed Images/reconstructed_image.png.
(2024-12-10 04:11:56,198) | root| INFO | => Mixing in Magnitude/Phase Mode
(2024-12-10 04:11:56,229) | root| INFO | => Image saved successfully as Reconstructed Images/reconstructed_image.png.
(2024-12-10 04:11:56,233) | root| INFO | => Mixing in Magnitude/Phase Mode
(2024-12-10 04:11:56,250) | root| INFO | => Image saved successfully as Reconstructed Images/reconstructed_image.png.
(2024-12-10 04:11:56,252) | root| INFO | => Mixing in Magnitude/Phase Mode
(2024-12-10 04:11:56,269) | root| INFO | => Image saved successfully as Reconstructed Images/reconstructed_image.png.
(2024-12-10 04:11:56,273) | root| INFO | => Mixing in Magnitude/Phase Mode
(2024-12-10 04:11:56,289) | root| INFO | => Image saved successfully as Reconstructed Images/reconstructed_image.png.
(2024-12-10 04:11:56,292) | root| INFO | => Mixing in Magnitude/Phase Mode
(2024-12-10 04:11:56,309) | root| INFO | => Image saved successfully as Reconstructed Images/reconstructed_image.png.
(2024-12-10 04:11:56,313) | root| INFO | => Mixing in Magnitude/Phase Mode
(2024-12-10 04:11:56,330) | root| INFO | => Image saved successfully as Reconstructed Images/reconstructed_image.png.
(2024-12-10 04:11:56,333) | root| INFO | => Mixing in Magnitude/Phase Mode
(2024-12-10 04:11:56,351) | root| INFO | => Image saved successfully as Reconstructed Images/reconstructed_image.png.
(2024-12-10 04:11:56,353) | root| INFO | => Mixing in Magnitude/Phase Mode
(2024-12-10 04:11:56,369) | root| INFO | => Image saved successfully as Reconstructed Images/reconstructed_image.png.
(2024-12-10 04:11:56,372) | root| INFO | => Mixing in Magnitude/Phase Mode
(2024-12-10 04:11:56,387) | root| INFO | => Image saved successfully as Reconstructed Images/reconstructed_image.png.
(2024-12-10 04:11:56,389) | root| INFO | => Mixing in Magnitude/Phase Mode
(2024-12-10 04:11:56,405) | root| INFO | => Image saved successfully as Reconstructed Images/reconstructed_image.png.
(2024-12-10 04:11:56,408) | root| INFO | => Mixing in Magnitude/Phase Mode
(2024-12-10 04:11:56,426) | root| INFO | => Image saved successfully as Reconstructed Images/reconstructed_image.png.
(2024-12-10 04:11:56,429) | root| INFO | => Mixing in Magnitude/Phase Mode
(2024-12-10 04:11:56,445) | root| INFO | => Image saved successfully as Reconstructed Images/reconstructed_image.png.
(2024-12-10 04:11:56,449) | root| INFO | => Mixing in Magnitude/Phase Mode
(2024-12-10 04:11:56,466) | root| INFO | => Image saved successfully as Reconstructed Images/reconstructed_image.png.
(2024-12-10 04:11:56,470) | root| INFO | => Mixing in Magnitude/Phase Mode
(2024-12-10 04:11:56,486) | root| INFO | => Image saved successfully as Reconstructed Images/reconstructed_image.png.
(2024-12-10 04:11:56,491) | root| INFO | => Mixing in Magnitude/Phase Mode
(2024-12-10 04:11:56,507) | root| INFO | => Image saved successfully as Reconstructed Images/reconstructed_image.png.
(2024-12-10 04:11:56,510) | root| INFO | => Mixing in Magnitude/Phase Mode
(2024-12-10 04:11:56,525) | root| INFO | => Image saved successfully as Reconstructed Images/reconstructed_image.png.
(2024-12-10 04:11:56,529) | root| INFO | => Mixing in Magnitude/Phase Mode
(2024-12-10 04:11:56,545) | root| INFO | => Image saved successfully as Reconstructed Images/reconstructed_image.png.
(2024-12-10 04:11:56,548) | root| INFO | => Mixing in Magnitude/Phase Mode
(2024-12-10 04:11:56,564) | root| INFO | => Image saved successfully as Reconstructed Images/reconstructed_image.png.
(2024-12-10 04:11:56,567) | root| INFO | => Mixing in Magnitude/Phase Mode
(2024-12-10 04:11:56,584) | root| INFO | => Image saved successfully as Reconstructed Images/reconstructed_image.png.
(2024-12-10 04:11:56,613) | root| INFO | => Mixing in Magnitude/Phase Mode
(2024-12-10 04:11:56,641) | root| INFO | => Image saved successfully as Reconstructed Images/reconstructed_image.png.
(2024-12-10 04:11:56,655) | root| INFO | => Mixing in Magnitude/Phase Mode
(2024-12-10 04:11:56,677) | root| INFO | => Image saved successfully as Reconstructed Images/reconstructed_image.png.
(2024-12-10 04:12:00,948) | root| INFO | => Selected component for image 0 is FT Magnitude
(2024-12-10 04:12:00,953) | root| INFO | => Setting Component Type: FT Magnitude
(2024-12-10 04:12:00,953) | root| INFO | => Mixing in Magnitude/Phase Mode
(2024-12-10 04:12:00,969) | root| INFO | => Image saved successfully as Reconstructed Images/reconstructed_image.png.
(2024-12-10 04:12:03,838) | root| INFO | => Selected component for image 2 is FT Phase
(2024-12-10 04:12:03,847) | root| INFO | => Setting Component Type: FT Phase
(2024-12-10 04:12:03,848) | root| INFO | => Mixing in Magnitude/Phase Mode
(2024-12-10 04:12:03,891) | root| INFO | => Image saved successfully as Reconstructed Images/reconstructed_image.png.
(2024-12-10 04:12:05,732) | root| INFO | => Mixing in Magnitude/Phase Mode
(2024-12-10 04:12:05,773) | root| INFO | => Image saved successfully as Reconstructed Images/reconstructed_image.png.
(2024-12-10 04:12:05,776) | root| INFO | => Mixing in Magnitude/Phase Mode
(2024-12-10 04:12:05,802) | root| INFO | => Image saved successfully as Reconstructed Images/reconstructed_image.png.
(2024-12-10 04:12:05,804) | root| INFO | => Mixing in Magnitude/Phase Mode
(2024-12-10 04:12:05,829) | root| INFO | => Image saved successfully as Reconstructed Images/reconstructed_image.png.
(2024-12-10 04:12:05,835) | root| INFO | => Mixing in Magnitude/Phase Mode
(2024-12-10 04:12:05,857) | root| INFO | => Image saved successfully as Reconstructed Images/reconstructed_image.png.
(2024-12-10 04:12:05,862) | root| INFO | => Mixing in Magnitude/Phase Mode
(2024-12-10 04:12:05,885) | root| INFO | => Image saved successfully as Reconstructed Images/reconstructed_image.png.
(2024-12-10 04:12:05,888) | root| INFO | => Mixing in Magnitude/Phase Mode
(2024-12-10 04:12:05,913) | root| INFO | => Image saved successfully as Reconstructed Images/reconstructed_image.png.
(2024-12-10 04:12:05,915) | root| INFO | => Mixing in Magnitude/Phase Mode
(2024-12-10 04:12:05,937) | root| INFO | => Image saved successfully as Reconstructed Images/reconstructed_image.png.
(2024-12-10 04:12:05,941) | root| INFO | => Mixing in Magnitude/Phase Mode
(2024-12-10 04:12:05,964) | root| INFO | => Image saved successfully as Reconstructed Images/reconstructed_image.png.
(2024-12-10 04:12:05,967) | root| INFO | => Mixing in Magnitude/Phase Mode
(2024-12-10 04:12:05,992) | root| INFO | => Image saved successfully as Reconstructed Images/reconstructed_image.png.
(2024-12-10 04:12:05,995) | root| INFO | => Mixing in Magnitude/Phase Mode
(2024-12-10 04:12:06,019) | root| INFO | => Image saved successfully as Reconstructed Images/reconstructed_image.png.
(2024-12-10 04:12:06,023) | root| INFO | => Mixing in Magnitude/Phase Mode
(2024-12-10 04:12:06,047) | root| INFO | => Image saved successfully as Reconstructed Images/reconstructed_image.png.
(2024-12-10 04:12:06,177) | root| INFO | => Mixing in Magnitude/Phase Mode
(2024-12-10 04:12:06,202) | root| INFO | => Image saved successfully as Reconstructed Images/reconstructed_image.png.
(2024-12-10 04:12:06,609) | root| INFO | => Mixing in Magnitude/Phase Mode
(2024-12-10 04:12:06,639) | root| INFO | => Image saved successfully as Reconstructed Images/reconstructed_image.png.
(2024-12-10 04:12:06,643) | root| INFO | => Mixing in Magnitude/Phase Mode
(2024-12-10 04:12:06,667) | root| INFO | => Image saved successfully as Reconstructed Images/reconstructed_image.png.
(2024-12-10 04:12:06,680) | root| INFO | => Mixing in Magnitude/Phase Mode
(2024-12-10 04:12:06,704) | root| INFO | => Image saved successfully as Reconstructed Images/reconstructed_image.png.
(2024-12-10 04:12:06,708) | root| INFO | => Mixing in Magnitude/Phase Mode
(2024-12-10 04:12:06,732) | root| INFO | => Image saved successfully as Reconstructed Images/reconstructed_image.png.
(2024-12-10 04:12:06,735) | root| INFO | => Mixing in Magnitude/Phase Mode
(2024-12-10 04:12:06,759) | root| INFO | => Image saved successfully as Reconstructed Images/reconstructed_image.png.
(2024-12-10 04:12:06,763) | root| INFO | => Mixing in Magnitude/Phase Mode
(2024-12-10 04:12:06,786) | root| INFO | => Image saved successfully as Reconstructed Images/reconstructed_image.png.
(2024-12-10 04:12:06,789) | root| INFO | => Mixing in Magnitude/Phase Mode
(2024-12-10 04:12:06,812) | root| INFO | => Image saved successfully as Reconstructed Images/reconstructed_image.png.
(2024-12-10 04:12:06,815) | root| INFO | => Mixing in Magnitude/Phase Mode
(2024-12-10 04:12:06,840) | root| INFO | => Image saved successfully as Reconstructed Images/reconstructed_image.png.
(2024-12-10 04:12:06,843) | root| INFO | => Mixing in Magnitude/Phase Mode
(2024-12-10 04:12:06,868) | root| INFO | => Image saved successfully as Reconstructed Images/reconstructed_image.png.
(2024-12-10 04:12:06,871) | root| INFO | => Mixing in Magnitude/Phase Mode
(2024-12-10 04:12:06,897) | root| INFO | => Image saved successfully as Reconstructed Images/reconstructed_image.png.
(2024-12-10 04:12:06,900) | root| INFO | => Mixing in Magnitude/Phase Mode
(2024-12-10 04:12:06,923) | root| INFO | => Image saved successfully as Reconstructed Images/reconstructed_image.png.
(2024-12-10 04:12:06,925) | root| INFO | => Mixing in Magnitude/Phase Mode
(2024-12-10 04:12:06,949) | root| INFO | => Image saved successfully as Reconstructed Images/reconstructed_image.png.
(2024-12-10 04:12:06,952) | root| INFO | => Mixing in Magnitude/Phase Mode
(2024-12-10 04:12:06,975) | root| INFO | => Image saved successfully as Reconstructed Images/reconstructed_image.png.
(2024-12-10 04:12:06,977) | root| INFO | => Mixing in Magnitude/Phase Mode
(2024-12-10 04:12:07,000) | root| INFO | => Image saved successfully as Reconstructed Images/reconstructed_image.png.
(2024-12-10 04:12:07,005) | root| INFO | => Mixing in Magnitude/Phase Mode
(2024-12-10 04:12:07,032) | root| INFO | => Image saved successfully as Reconstructed Images/reconstructed_image.png.
(2024-12-10 04:12:07,034) | root| INFO | => Mixing in Magnitude/Phase Mode
(2024-12-10 04:12:07,058) | root| INFO | => Image saved successfully as Reconstructed Images/reconstructed_image.png.
(2024-12-10 04:12:08,883) | root| INFO | => Mixing in Magnitude/Phase Mode
(2024-12-10 04:12:08,921) | root| INFO | => Image saved successfully as Reconstructed Images/reconstructed_image.png.
(2024-12-10 04:12:08,925) | root| INFO | => Mixing in Magnitude/Phase Mode
(2024-12-10 04:12:08,963) | root| INFO | => Image saved successfully as Reconstructed Images/reconstructed_image.png.
(2024-12-10 04:12:08,967) | root| INFO | => Mixing in Magnitude/Phase Mode
(2024-12-10 04:12:09,005) | root| INFO | => Image saved successfully as Reconstructed Images/reconstructed_image.png.
(2024-12-10 04:12:09,009) | root| INFO | => Mixing in Magnitude/Phase Mode
(2024-12-10 04:12:09,038) | root| INFO | => Image saved successfully as Reconstructed Images/reconstructed_image.png.
(2024-12-10 04:12:09,040) | root| INFO | => Mixing in Magnitude/Phase Mode
(2024-12-10 04:12:09,065) | root| INFO | => Image saved successfully as Reconstructed Images/reconstructed_image.png.
(2024-12-10 04:12:09,067) | root| INFO | => Mixing in Magnitude/Phase Mode
(2024-12-10 04:12:09,091) | root| INFO | => Image saved successfully as Reconstructed Images/reconstructed_image.png.
(2024-12-10 04:12:09,095) | root| INFO | => Mixing in Magnitude/Phase Mode
(2024-12-10 04:12:09,118) | root| INFO | => Image saved successfully as Reconstructed Images/reconstructed_image.png.
(2024-12-10 04:12:09,120) | root| INFO | => Mixing in Magnitude/Phase Mode
(2024-12-10 04:12:09,144) | root| INFO | => Image saved successfully as Reconstructed Images/reconstructed_image.png.
(2024-12-10 04:12:09,148) | root| INFO | => Mixing in Magnitude/Phase Mode
(2024-12-10 04:12:09,172) | root| INFO | => Image saved successfully as Reconstructed Images/reconstructed_image.png.
(2024-12-10 04:12:09,174) | root| INFO | => Mixing in Magnitude/Phase Mode
(2024-12-10 04:12:09,199) | root| INFO | => Image saved successfully as Reconstructed Images/reconstructed_image.png.
(2024-12-10 04:12:09,202) | root| INFO | => Mixing in Magnitude/Phase Mode
(2024-12-10 04:12:09,225) | root| INFO | => Image saved successfully as Reconstructed Images/reconstructed_image.png.
(2024-12-10 04:12:09,226) | root| INFO | => Mixing in Magnitude/Phase Mode
(2024-12-10 04:12:09,251) | root| INFO | => Image saved successfully as Reconstructed Images/reconstructed_image.png.
(2024-12-10 04:12:09,253) | root| INFO | => Mixing in Magnitude/Phase Mode
(2024-12-10 04:12:09,277) | root| INFO | => Image saved successfully as Reconstructed Images/reconstructed_image.png.
(2024-12-10 04:12:09,280) | root| INFO | => Mixing in Magnitude/Phase Mode
(2024-12-10 04:12:09,305) | root| INFO | => Image saved successfully as Reconstructed Images/reconstructed_image.png.
(2024-12-10 04:12:09,307) | root| INFO | => Mixing in Magnitude/Phase Mode
(2024-12-10 04:12:09,330) | root| INFO | => Image saved successfully as Reconstructed Images/reconstructed_image.png.
(2024-12-10 04:12:09,334) | root| INFO | => Mixing in Magnitude/Phase Mode
(2024-12-10 04:12:09,358) | root| INFO | => Image saved successfully as Reconstructed Images/reconstructed_image.png.
(2024-12-10 04:12:09,393) | root| INFO | => Mixing in Magnitude/Phase Mode
(2024-12-10 04:12:09,418) | root| INFO | => Image saved successfully as Reconstructed Images/reconstructed_image.png.
(2024-12-10 04:12:09,427) | root| INFO | => Mixing in Magnitude/Phase Mode
(2024-12-10 04:12:09,456) | root| INFO | => Image saved successfully as Reconstructed Images/reconstructed_image.png.
(2024-12-10 04:12:09,458) | root| INFO | => Mixing in Magnitude/Phase Mode
(2024-12-10 04:12:09,484) | root| INFO | => Image saved successfully as Reconstructed Images/reconstructed_image.png.
(2024-12-10 04:12:09,487) | root| INFO | => Mixing in Magnitude/Phase Mode
(2024-12-10 04:12:09,514) | root| INFO | => Image saved successfully as Reconstructed Images/reconstructed_image.png.
(2024-12-10 04:12:09,518) | root| INFO | => Mixing in Magnitude/Phase Mode
(2024-12-10 04:12:09,542) | root| INFO | => Image saved successfully as Reconstructed Images/reconstructed_image.png.
(2024-12-10 04:12:09,545) | root| INFO | => Mixing in Magnitude/Phase Mode
(2024-12-10 04:12:09,569) | root| INFO | => Image saved successfully as Reconstructed Images/reconstructed_image.png.
(2024-12-10 04:12:09,572) | root| INFO | => Mixing in Magnitude/Phase Mode
(2024-12-10 04:12:09,596) | root| INFO | => Image saved successfully as Reconstructed Images/reconstructed_image.png.
(2024-12-10 04:12:09,599) | root| INFO | => Mixing in Magnitude/Phase Mode
(2024-12-10 04:12:09,621) | root| INFO | => Image saved successfully as Reconstructed Images/reconstructed_image.png.
(2024-12-10 04:12:09,624) | root| INFO | => Mixing in Magnitude/Phase Mode
(2024-12-10 04:12:09,645) | root| INFO | => Image saved successfully as Reconstructed Images/reconstructed_image.png.
(2024-12-10 04:12:09,696) | root| INFO | => Mixing in Magnitude/Phase Mode
(2024-12-10 04:12:09,731) | root| INFO | => Image saved successfully as Reconstructed Images/reconstructed_image.png.
(2024-12-10 04:12:09,734) | root| INFO | => Mixing in Magnitude/Phase Mode
(2024-12-10 04:12:09,754) | root| INFO | => Image saved successfully as Reconstructed Images/reconstructed_image.png.
(2024-12-10 04:12:09,756) | root| INFO | => Mixing in Magnitude/Phase Mode
(2024-12-10 04:12:09,775) | root| INFO | => Image saved successfully as Reconstructed Images/reconstructed_image.png.
(2024-12-10 04:12:09,777) | root| INFO | => Mixing in Magnitude/Phase Mode
(2024-12-10 04:12:09,792) | root| INFO | => Image saved successfully as Reconstructed Images/reconstructed_image.png.
(2024-12-10 04:12:09,795) | root| INFO | => Mixing in Magnitude/Phase Mode
(2024-12-10 04:12:09,805) | root| INFO | => Image saved successfully as Reconstructed Images/reconstructed_image.png.
(2024-12-10 04:12:09,807) | root| INFO | => Mixing in Magnitude/Phase Mode
(2024-12-10 04:12:09,816) | root| INFO | => Image saved successfully as Reconstructed Images/reconstructed_image.png.
(2024-12-10 04:12:10,268) | root| INFO | => Mixing in Magnitude/Phase Mode
(2024-12-10 04:12:10,288) | root| INFO | => Image saved successfully as Reconstructed Images/reconstructed_image.png.
(2024-12-10 04:12:10,291) | root| INFO | => Mixing in Magnitude/Phase Mode
(2024-12-10 04:12:10,317) | root| INFO | => Image saved successfully as Reconstructed Images/reconstructed_image.png.
(2024-12-10 04:12:10,320) | root| INFO | => Mixing in Magnitude/Phase Mode
(2024-12-10 04:12:10,352) | root| INFO | => Image saved successfully as Reconstructed Images/reconstructed_image.png.
(2024-12-10 04:12:10,357) | root| INFO | => Mixing in Magnitude/Phase Mode
(2024-12-10 04:12:10,386) | root| INFO | => Image saved successfully as Reconstructed Images/reconstructed_image.png.
(2024-12-10 04:12:10,402) | root| INFO | => Mixing in Magnitude/Phase Mode
(2024-12-10 04:12:10,441) | root| INFO | => Image saved successfully as Reconstructed Images/reconstructed_image.png.
(2024-12-10 04:12:10,444) | root| INFO | => Mixing in Magnitude/Phase Mode
(2024-12-10 04:12:10,474) | root| INFO | => Image saved successfully as Reconstructed Images/reconstructed_image.png.
(2024-12-10 04:12:10,607) | root| INFO | => Mixing in Magnitude/Phase Mode
(2024-12-10 04:12:10,643) | root| INFO | => Image saved successfully as Reconstructed Images/reconstructed_image.png.
(2024-12-10 04:12:10,645) | root| INFO | => Mixing in Magnitude/Phase Mode
(2024-12-10 04:12:10,668) | root| INFO | => Image saved successfully as Reconstructed Images/reconstructed_image.png.
(2024-12-10 04:12:10,670) | root| INFO | => Mixing in Magnitude/Phase Mode
(2024-12-10 04:12:10,699) | root| INFO | => Image saved successfully as Reconstructed Images/reconstructed_image.png.
(2024-12-10 04:12:10,701) | root| INFO | => Mixing in Magnitude/Phase Mode
(2024-12-10 04:12:10,714) | root| INFO | => Image saved successfully as Reconstructed Images/reconstructed_image.png.
(2024-12-10 04:12:10,717) | root| INFO | => Mixing in Magnitude/Phase Mode
(2024-12-10 04:12:10,728) | root| INFO | => Image saved successfully as Reconstructed Images/reconstructed_image.png.
(2024-12-10 04:12:10,769) | root| INFO | => Mixing in Magnitude/Phase Mode
(2024-12-10 04:12:10,781) | root| INFO | => Image saved successfully as Reconstructed Images/reconstructed_image.png.
(2024-12-10 04:12:10,932) | root| INFO | => Mixing in Magnitude/Phase Mode
(2024-12-10 04:12:10,944) | root| INFO | => Image saved successfully as Reconstructed Images/reconstructed_image.png.
(2024-12-10 04:12:10,946) | root| INFO | => Mixing in Magnitude/Phase Mode
(2024-12-10 04:12:10,967) | root| INFO | => Image saved successfully as Reconstructed Images/reconstructed_image.png.
(2024-12-10 04:12:10,969) | root| INFO | => Mixing in Magnitude/Phase Mode
(2024-12-10 04:12:10,994) | root| INFO | => Image saved successfully as Reconstructed Images/reconstructed_image.png.
(2024-12-10 04:12:10,996) | root| INFO | => Mixing in Magnitude/Phase Mode
(2024-12-10 04:12:11,018) | root| INFO | => Image saved successfully as Reconstructed Images/reconstructed_image.png.
(2024-12-10 04:12:11,021) | root| INFO | => Mixing in Magnitude/Phase Mode
(2024-12-10 04:12:11,045) | root| INFO | => Image saved successfully as Reconstructed Images/reconstructed_image.png.
(2024-12-10 04:12:11,050) | root| INFO | => Mixing in Magnitude/Phase Mode
(2024-12-10 04:12:11,083) | root| INFO | => Image saved successfully as Reconstructed Images/reconstructed_image.png.
(2024-12-10 04:12:11,086) | root| INFO | => Mixing in Magnitude/Phase Mode
(2024-12-10 04:12:11,113) | root| INFO | => Image saved successfully as Reconstructed Images/reconstructed_image.png.
(2024-12-10 04:12:11,117) | root| INFO | => Mixing in Magnitude/Phase Mode
(2024-12-10 04:12:11,141) | root| INFO | => Image saved successfully as Reconstructed Images/reconstructed_image.png.
(2024-12-10 04:12:11,142) | root| INFO | => Mixing in Magnitude/Phase Mode
(2024-12-10 04:12:11,165) | root| INFO | => Image saved successfully as Reconstructed Images/reconstructed_image.png.
(2024-12-10 04:12:11,168) | root| INFO | => Mixing in Magnitude/Phase Mode
(2024-12-10 04:12:11,193) | root| INFO | => Image saved successfully as Reconstructed Images/reconstructed_image.png.
(2024-12-10 04:12:11,197) | root| INFO | => Mixing in Magnitude/Phase Mode
(2024-12-10 04:12:11,221) | root| INFO | => Image saved successfully as Reconstructed Images/reconstructed_image.png.
(2024-12-10 04:12:11,224) | root| INFO | => Mixing in Magnitude/Phase Mode
(2024-12-10 04:12:11,251) | root| INFO | => Image saved successfully as Reconstructed Images/reconstructed_image.png.
(2024-12-10 04:12:11,256) | root| INFO | => Mixing in Magnitude/Phase Mode
(2024-12-10 04:12:11,292) | root| INFO | => Image saved successfully as Reconstructed Images/reconstructed_image.png.
(2024-12-10 04:12:11,295) | root| INFO | => Mixing in Magnitude/Phase Mode
(2024-12-10 04:12:11,331) | root| INFO | => Image saved successfully as Reconstructed Images/reconstructed_image.png.
(2024-12-10 04:12:11,334) | root| INFO | => Mixing in Magnitude/Phase Mode
(2024-12-10 04:12:11,359) | root| INFO | => Image saved successfully as Reconstructed Images/reconstructed_image.png.
(2024-12-10 04:12:11,363) | root| INFO | => Mixing in Magnitude/Phase Mode
(2024-12-10 04:12:11,388) | root| INFO | => Image saved successfully as Reconstructed Images/reconstructed_image.png.
(2024-12-10 04:12:11,392) | root| INFO | => Mixing in Magnitude/Phase Mode
(2024-12-10 04:12:11,419) | root| INFO | => Image saved successfully as Reconstructed Images/reconstructed_image.png.
(2024-12-10 04:12:15,757) | root| INFO | => Selected component for image 0 is FT Phase
(2024-12-10 04:12:15,766) | root| INFO | => Setting Component Type: FT Phase
(2024-12-10 04:12:15,766) | root| INFO | => Mixing in Magnitude/Phase Mode
(2024-12-10 04:12:15,777) | root| INFO | => Image saved successfully as Reconstructed Images/reconstructed_image.png.
(2024-12-10 04:12:18,053) | root| INFO | => Selected component for image 1 is FT Magnitude
(2024-12-10 04:12:18,059) | root| INFO | => Setting Component Type: FT Magnitude
(2024-12-10 04:12:18,060) | root| INFO | => Mixing in Magnitude/Phase Mode
(2024-12-10 04:12:18,072) | root| INFO | => Image saved successfully as Reconstructed Images/reconstructed_image.png.
(2024-12-10 04:12:19,646) | root| INFO | => Selected component for image 2 is FT Magnitude
(2024-12-10 04:12:19,652) | root| INFO | => Setting Component Type: FT Magnitude
(2024-12-10 04:12:19,653) | root| INFO | => Mixing in Magnitude/Phase Mode
(2024-12-10 04:12:19,681) | root| INFO | => Image saved successfully as Reconstructed Images/reconstructed_image.png.
(2024-12-10 04:12:21,865) | root| INFO | => Mixing in Magnitude/Phase Mode
(2024-12-10 04:12:21,904) | root| INFO | => Image saved successfully as Reconstructed Images/reconstructed_image.png.
(2024-12-10 04:12:21,907) | root| INFO | => Mixing in Magnitude/Phase Mode
(2024-12-10 04:12:21,944) | root| INFO | => Image saved successfully as Reconstructed Images/reconstructed_image.png.
(2024-12-10 04:12:21,948) | root| INFO | => Mixing in Magnitude/Phase Mode
(2024-12-10 04:12:21,982) | root| INFO | => Image saved successfully as Reconstructed Images/reconstructed_image.png.
(2024-12-10 04:12:21,985) | root| INFO | => Mixing in Magnitude/Phase Mode
(2024-12-10 04:12:22,022) | root| INFO | => Image saved successfully as Reconstructed Images/reconstructed_image.png.
(2024-12-10 04:12:22,024) | root| INFO | => Mixing in Magnitude/Phase Mode
(2024-12-10 04:12:22,060) | root| INFO | => Image saved successfully as Reconstructed Images/reconstructed_image.png.
(2024-12-10 04:12:22,063) | root| INFO | => Mixing in Magnitude/Phase Mode
(2024-12-10 04:12:22,090) | root| INFO | => Image saved successfully as Reconstructed Images/reconstructed_image.png.
(2024-12-10 04:12:22,092) | root| INFO | => Mixing in Magnitude/Phase Mode
(2024-12-10 04:12:22,116) | root| INFO | => Image saved successfully as Reconstructed Images/reconstructed_image.png.
(2024-12-10 04:12:22,117) | root| INFO | => Mixing in Magnitude/Phase Mode
(2024-12-10 04:12:22,141) | root| INFO | => Image saved successfully as Reconstructed Images/reconstructed_image.png.
(2024-12-10 04:12:22,143) | root| INFO | => Mixing in Magnitude/Phase Mode
(2024-12-10 04:12:22,167) | root| INFO | => Image saved successfully as Reconstructed Images/reconstructed_image.png.
(2024-12-10 04:12:22,170) | root| INFO | => Mixing in Magnitude/Phase Mode
(2024-12-10 04:12:22,193) | root| INFO | => Image saved successfully as Reconstructed Images/reconstructed_image.png.
(2024-12-10 04:12:22,196) | root| INFO | => Mixing in Magnitude/Phase Mode
(2024-12-10 04:12:22,219) | root| INFO | => Image saved successfully as Reconstructed Images/reconstructed_image.png.
(2024-12-10 04:12:22,221) | root| INFO | => Mixing in Magnitude/Phase Mode
(2024-12-10 04:12:22,245) | root| INFO | => Image saved successfully as Reconstructed Images/reconstructed_image.png.
(2024-12-10 04:12:22,296) | root| INFO | => Mixing in Magnitude/Phase Mode
(2024-12-10 04:12:22,328) | root| INFO | => Image saved successfully as Reconstructed Images/reconstructed_image.png.
(2024-12-10 04:12:22,523) | root| INFO | => Mixing in Magnitude/Phase Mode
(2024-12-10 04:12:22,555) | root| INFO | => Image saved successfully as Reconstructed Images/reconstructed_image.png.
(2024-12-10 04:12:22,557) | root| INFO | => Mixing in Magnitude/Phase Mode
(2024-12-10 04:12:22,584) | root| INFO | => Image saved successfully as Reconstructed Images/reconstructed_image.png.
(2024-12-10 04:12:22,589) | root| INFO | => Mixing in Magnitude/Phase Mode
(2024-12-10 04:12:22,618) | root| INFO | => Image saved successfully as Reconstructed Images/reconstructed_image.png.
(2024-12-10 04:12:22,619) | root| INFO | => Mixing in Magnitude/Phase Mode
(2024-12-10 04:12:22,656) | root| INFO | => Image saved successfully as Reconstructed Images/reconstructed_image.png.
(2024-12-10 04:12:22,660) | root| INFO | => Mixing in Magnitude/Phase Mode
(2024-12-10 04:12:22,693) | root| INFO | => Image saved successfully as Reconstructed Images/reconstructed_image.png.
(2024-12-10 04:12:22,695) | root| INFO | => Mixing in Magnitude/Phase Mode
(2024-12-10 04:12:22,724) | root| INFO | => Image saved successfully as Reconstructed Images/reconstructed_image.png.
(2024-12-10 04:12:22,727) | root| INFO | => Mixing in Magnitude/Phase Mode
(2024-12-10 04:12:22,750) | root| INFO | => Image saved successfully as Reconstructed Images/reconstructed_image.png.
(2024-12-10 04:12:22,752) | root| INFO | => Mixing in Magnitude/Phase Mode
(2024-12-10 04:12:22,775) | root| INFO | => Image saved successfully as Reconstructed Images/reconstructed_image.png.
(2024-12-10 04:12:22,777) | root| INFO | => Mixing in Magnitude/Phase Mode
(2024-12-10 04:12:22,801) | root| INFO | => Image saved successfully as Reconstructed Images/reconstructed_image.png.
(2024-12-10 04:12:22,803) | root| INFO | => Mixing in Magnitude/Phase Mode
(2024-12-10 04:12:22,828) | root| INFO | => Image saved successfully as Reconstructed Images/reconstructed_image.png.
(2024-12-10 04:12:22,870) | root| INFO | => Mixing in Magnitude/Phase Mode
(2024-12-10 04:12:22,907) | root| INFO | => Image saved successfully as Reconstructed Images/reconstructed_image.png.
(2024-12-10 04:12:22,911) | root| INFO | => Mixing in Magnitude/Phase Mode
(2024-12-10 04:12:22,943) | root| INFO | => Image saved successfully as Reconstructed Images/reconstructed_image.png.
(2024-12-10 04:12:22,946) | root| INFO | => Mixing in Magnitude/Phase Mode
(2024-12-10 04:12:22,966) | root| INFO | => Image saved successfully as Reconstructed Images/reconstructed_image.png.
(2024-12-10 04:12:22,968) | root| INFO | => Mixing in Magnitude/Phase Mode
(2024-12-10 04:12:22,985) | root| INFO | => Image saved successfully as Reconstructed Images/reconstructed_image.png.
(2024-12-10 04:12:22,987) | root| INFO | => Mixing in Magnitude/Phase Mode
(2024-12-10 04:12:23,000) | root| INFO | => Image saved successfully as Reconstructed Images/reconstructed_image.png.
(2024-12-10 04:12:23,002) | root| INFO | => Mixing in Magnitude/Phase Mode
(2024-12-10 04:12:23,014) | root| INFO | => Image saved successfully as Reconstructed Images/reconstructed_image.png.
(2024-12-10 04:12:23,016) | root| INFO | => Mixing in Magnitude/Phase Mode
(2024-12-10 04:12:23,025) | root| INFO | => Image saved successfully as Reconstructed Images/reconstructed_image.png.
(2024-12-10 04:12:23,618) | root| INFO | => Mixing in Magnitude/Phase Mode
(2024-12-10 04:12:23,640) | root| INFO | => Image saved successfully as Reconstructed Images/reconstructed_image.png.
(2024-12-10 04:12:23,684) | root| INFO | => Mixing in Magnitude/Phase Mode
(2024-12-10 04:12:23,707) | root| INFO | => Image saved successfully as Reconstructed Images/reconstructed_image.png.
(2024-12-10 04:12:23,711) | root| INFO | => Mixing in Magnitude/Phase Mode
(2024-12-10 04:12:23,735) | root| INFO | => Image saved successfully as Reconstructed Images/reconstructed_image.png.
(2024-12-10 04:12:23,736) | root| INFO | => Mixing in Magnitude/Phase Mode
(2024-12-10 04:12:23,757) | root| INFO | => Image saved successfully as Reconstructed Images/reconstructed_image.png.
(2024-12-10 04:12:23,759) | root| INFO | => Mixing in Magnitude/Phase Mode
(2024-12-10 04:12:23,783) | root| INFO | => Image saved successfully as Reconstructed Images/reconstructed_image.png.
(2024-12-10 04:12:23,785) | root| INFO | => Mixing in Magnitude/Phase Mode
(2024-12-10 04:12:23,808) | root| INFO | => Image saved successfully as Reconstructed Images/reconstructed_image.png.
(2024-12-10 04:12:23,811) | root| INFO | => Mixing in Magnitude/Phase Mode
(2024-12-10 04:12:23,833) | root| INFO | => Image saved successfully as Reconstructed Images/reconstructed_image.png.
(2024-12-10 04:12:23,836) | root| INFO | => Mixing in Magnitude/Phase Mode
(2024-12-10 04:12:23,859) | root| INFO | => Image saved successfully as Reconstructed Images/reconstructed_image.png.
(2024-12-10 04:12:23,863) | root| INFO | => Mixing in Magnitude/Phase Mode
(2024-12-10 04:12:23,889) | root| INFO | => Image saved successfully as Reconstructed Images/reconstructed_image.png.
(2024-12-10 04:12:23,892) | root| INFO | => Mixing in Magnitude/Phase Mode
(2024-12-10 04:12:23,915) | root| INFO | => Image saved successfully as Reconstructed Images/reconstructed_image.png.
(2024-12-10 04:12:23,917) | root| INFO | => Mixing in Magnitude/Phase Mode
(2024-12-10 04:12:23,942) | root| INFO | => Image saved successfully as Reconstructed Images/reconstructed_image.png.
(2024-12-10 04:12:23,943) | root| INFO | => Mixing in Magnitude/Phase Mode
(2024-12-10 04:12:23,966) | root| INFO | => Image saved successfully as Reconstructed Images/reconstructed_image.png.
(2024-12-10 04:12:23,969) | root| INFO | => Mixing in Magnitude/Phase Mode
(2024-12-10 04:12:23,994) | root| INFO | => Image saved successfully as Reconstructed Images/reconstructed_image.png.
